<?xml version="1.0" encoding="UTF-8"?>
<!-- Generated by org.testng.reporters.JUnitReportReporter -->
<testsuite skipped="0" hostname="DESKTOP-K6HNVQA" name="testCases.LoginApplication" tests="1" failures="0" timestamp="01 Aug 2018 04:35:22 GMT" time="13.353" errors="0">
  <testcase name="Login" time="13.353" classname="testCases.LoginApplication"/>
</testsuite> <!-- testCases.LoginApplication -->
