<?xml version="1.0" encoding="UTF-8"?>
<!-- Generated by org.testng.reporters.JUnitReportReporter -->
<testsuite hostname="DESKTOP-K6HNVQA" failures="0" tests="3" name="Test.Day4" time="0.006" errors="0" timestamp="02 Jul 2018 04:40:00 GMT" skipped="1">
  <testcase classname="Test.Day4" name="webLoginCarLoan" time="0.000"/>
  <testcase classname="Test.Day4" name="mobileLoginCarLoan" time="0.006"/>
  <testcase classname="Test.Day4" name="apiLoginCarLoan">
    <skipped/>
  </testcase> <!-- apiLoginCarLoan -->
</testsuite> <!-- Test.Day4 -->
