<?xml version="1.0" encoding="UTF-8"?>
<!-- Generated by org.testng.reporters.JUnitReportReporter -->
<testsuite hostname="DESKTOP-K6HNVQA" failures="0" tests="2" name="Test.Day2" time="15.854" errors="0" timestamp="18 Jul 2018 05:00:34 GMT" skipped="0">
  <testcase classname="Test.Day2" name="checkpoint" time="0.002"/>
  <testcase classname="Test.Day2" name="Login" time="15.852"/>
</testsuite> <!-- Test.Day2 -->
