<?xml version="1.0" encoding="UTF-8"?>
<!-- Generated by org.testng.reporters.JUnitReportReporter -->
<testsuite hostname="DESKTOP-K6HNVQA" failures="0" tests="7" name="Test.Day3" time="0.062" errors="0" timestamp="02 Jul 2018 04:40:00 GMT" skipped="0">
  <testcase classname="Test.Day3" name="webLoginPersonalLoan" time="0.005"/>
  <testcase classname="Test.Day3" name="loginPage" time="0.005"/>
  <testcase classname="Test.Day3" name="mobileLogoutPersonalLoan" time="0.016"/>
  <testcase classname="Test.Day3" name="loginPage" time="0.016"/>
  <testcase classname="Test.Day3" name="loginPage" time="0.004"/>
  <testcase classname="Test.Day3" name="mobileLoginPersonalLoan" time="0.004"/>
  <testcase classname="Test.Day3" name="apiLoginPersonalLoan" time="0.012"/>
</testsuite> <!-- Test.Day3 -->
